Arguments: 
  /usr/local/bin/node /usr/local/bin/yarn add global node-inspector@latest

PATH: 
  /Users/iwuly/.nvm/versions/node/v6.9.1/bin:/usr/bin:/bin:/usr/sbin:/sbin:/usr/local/bin:/usr/bin:/bin:/usr/sbin:/sbin

Yarn version: 
  1.3.2

Node version: 
  8.6.0

Platform: 
  darwin x64

npm manifest: 
  {
    "name": "expressproject",
    "version": "0.0.0",
    "private": true,
    "scripts": {
      "start": "node ./bin/www",
      "hot-start": "supervisor --debug ./bin/www ",
      "debug": "node-inspector & -p 8888"
    },
    "dependencies": {
      "body-parser": "~1.18.2",
      "cookie-parser": "~1.4.3",
      "debug": "~2.6.9",
      "express": "~4.15.5",
      "jade": "~1.11.0",
      "morgan": "~1.9.0",
      "serve-favicon": "~2.4.5"
    }
  }

yarn manifest: 
  No manifest

Lockfile: 
  No lockfile

Trace: 
  Error: EACCES: permission denied, mkdir '/Users/iwuly/mine/demo/expressProject/node_modules/verror/node_modules/extsprintf'
